<?xml version="1.0" encoding="UTF-8"?>
<!-- Generated by org.testng.reporters.JUnitReportReporter -->
<testsuite hostname="LAPTOP-2JAIS1UQ" failures="0" tests="1" name="screen.HomeScreen" time="17.025" errors="0" timestamp="2023-09-14T12:10:40 IST" skipped="0">
  <testcase classname="screen.HomeScreen" name="getIndividual" time="17.025"/>
  <system-out/>
</testsuite> <!-- screen.HomeScreen -->
