<?xml version="1.0" encoding="UTF-8"?>
<!-- Generated by org.testng.reporters.JUnitReportReporter -->
<testsuite hostname="LAPTOP-2JAIS1UQ" failures="0" tests="1" name="testcase.EditIndividualTC" time="26.952" errors="0" timestamp="2023-09-15T14:36:31 IST" skipped="0">
  <testcase classname="testcase.EditIndividualTC" name="runEdit" time="26.952"/>
  <system-out/>
</testsuite> <!-- testcase.EditIndividualTC -->
