<?xml version="1.0" encoding="UTF-8"?>
<!-- Generated by org.testng.reporters.JUnitReportReporter -->
<testsuite hostname="LAPTOP-2JAIS1UQ" failures="0" tests="1" name="testcase.DeleteIndividualTC" time="24.184" errors="0" timestamp="2023-09-15T14:36:31 IST" skipped="0">
  <testcase classname="testcase.DeleteIndividualTC" name="runDelete" time="24.184"/>
  <system-out/>
</testsuite> <!-- testcase.DeleteIndividualTC -->
