<?xml version="1.0" encoding="UTF-8"?>
<!-- Generated by org.testng.reporters.JUnitReportReporter -->
<testsuite hostname="LAPTOP-2JAIS1UQ" failures="0" tests="1" name="testcase.LoginTC" time="6.029" errors="0" timestamp="2023-09-14T23:53:17 IST" skipped="0">
  <testcase classname="testcase.LoginTC" name="runLogin" time="6.029"/>
  <system-out/>
</testsuite> <!-- testcase.LoginTC -->
